RXSDK/RXSDK-Android/rxsdk_websocket/build/intermediates/manifest_merge_blame_file/debug/manifest-merger-blame-debug-report.txt
1<?xml version="1.0" encoding="utf-8"?>
2<manifest xmlns:android="http://schemas.android.com/apk/res/android"
3    package="com.ruixue.websocket" >
4
5    <uses-sdk android:minSdkVersion="21" />
5-->src/main/AndroidManifest.xml
6
7    <uses-permission android:name="android.permission.ACCESS_NETWORK_STATE" />
7-->src/main/AndroidManifest.xml:5:5-79
7-->src/main/AndroidManifest.xml:5:22-76
8
9    <application>
9-->src/main/AndroidManifest.xml:6:5-8:19
10    </application>
11
12</manifest>